Time Stamp :  2022-03-04 15:19:37.809536
Phone Number: +918383007089
Message: this is test message and has been sent by jarvis
--------------------------------
Time Stamp :  2022-03-04 17:44:34.491989
Phone Number: +919560355384
Message: i am busy
--------------------------------
Time Stamp :  2022-03-04 19:12:05.481618
Phone Number: +919560355384
Message: i am busy and doing my work
--------------------------------
Time Stamp :  2022-03-04 19:12:57.463851
Phone Number: +919560355384
Message: i am busy and doing my work
--------------------------------
Time Stamp :  2022-03-04 19:14:06.373949
Phone Number: +919560355384
Message: this is a test message
--------------------------------
Time Stamp :  2022-03-04 22:39:18.045318
Phone Number: +919560355384
Message: i am fine
--------------------------------
Time Stamp :  2022-03-04 23:36:10.523299
Phone Number: +918383007089
Message: i am fine and this is a test
--------------------------------
Time Stamp :  2022-03-04 23:36:43.458217
Phone Number: +918383007089
Message: i am fine and this is a testing
--------------------------------
Time Stamp :  2022-03-04 23:37:32.176209
Phone Number: +918383007089
Message: this is a python test
--------------------------------
Time Stamp :  2022-03-04 23:40:34.610693
Phone Number: +918383007089
Message: i am fine and this is a final
--------------------------------
Time Stamp :  2022-03-04 23:41:17.123409
Phone Number: +918383007089
Message: this is a python test
--------------------------------
